g:\大学\学习\数字图像处理\作业\大作业\认识狗狗\认识狗狗\debug\vc140.pdb
g:\大学\学习\数字图像处理\作业\大作业\认识狗狗\认识狗狗\debug\vc140.idb
g:\大学\学习\数字图像处理\作业\大作业\认识狗狗\认识狗狗\debug\lbp.obj
g:\大学\学习\数字图像处理\作业\大作业\认识狗狗\认识狗狗\debug\认识狗狗.obj
g:\大学\学习\数字图像处理\作业\大作业\认识狗狗\认识狗狗\debug\matchtemplate.obj
g:\大学\学习\数字图像处理\作业\大作业\认识狗狗\认识狗狗\debug\distince.obj
g:\大学\学习\数字图像处理\作业\大作业\认识狗狗\认识狗狗\debug\dealwithfile.obj
g:\大学\学习\数字图像处理\作业\大作业\认识狗狗\认识狗狗\debug\glcm.obj
g:\大学\学习\数字图像处理\作业\大作业\认识狗狗\认识狗狗\debug\grainfeature.obj
g:\大学\学习\数字图像处理\作业\大作业\认识狗狗\认识狗狗\debug\siftfeature.obj
e:\学习\大三上\数字图像\数图大作业\新建文件夹\认识狗狗\认识狗狗\认识狗狗\debug\vc140.pdb
e:\学习\大三上\数字图像\数图大作业\新建文件夹\认识狗狗\认识狗狗\认识狗狗\debug\vc140.idb
e:\学习\大三上\数字图像\数图大作业\新建文件夹\认识狗狗\认识狗狗\认识狗狗\debug\colorfeature.obj
e:\学习\大三上\数字图像\数图大作业\新建文件夹\认识狗狗\认识狗狗\认识狗狗\debug\dealwithfile.obj
e:\学习\大三上\数字图像\数图大作业\新建文件夹\认识狗狗\认识狗狗\认识狗狗\debug\distince.obj
e:\学习\大三上\数字图像\数图大作业\新建文件夹\认识狗狗\认识狗狗\认识狗狗\debug\glcm.obj
e:\学习\大三上\数字图像\数图大作业\新建文件夹\认识狗狗\认识狗狗\认识狗狗\debug\grainfeature.obj
e:\学习\大三上\数字图像\数图大作业\新建文件夹\认识狗狗\认识狗狗\认识狗狗\debug\lbp.obj
e:\学习\大三上\数字图像\数图大作业\新建文件夹\认识狗狗\认识狗狗\认识狗狗\debug\matchtemplate.obj
e:\学习\大三上\数字图像\数图大作业\新建文件夹\认识狗狗\认识狗狗\认识狗狗\debug\shapefeature.obj
e:\学习\大三上\数字图像\数图大作业\新建文件夹\认识狗狗\认识狗狗\认识狗狗\debug\siftfeature.obj
e:\学习\大三上\数字图像\数图大作业\新建文件夹\认识狗狗\认识狗狗\认识狗狗\debug\认识狗狗.obj
g:\大学\学习\数字图像处理\作业\大作业\认识狗狗\debug\认识狗狗.ilk
g:\大学\学习\数字图像处理\作业\大作业\认识狗狗\debug\认识狗狗.exe
g:\大学\学习\数字图像处理\作业\大作业\认识狗狗\debug\认识狗狗.pdb
e:\学习\大三上\数字图像\数图大作业\新建文件夹\认识狗狗\认识狗狗\debug\认识狗狗.pdb
e:\学习\大三上\数字图像\数图大作业\新建文件夹\认识狗狗\认识狗狗\认识狗狗\debug\认识狗狗.tlog\cl.command.1.tlog
e:\学习\大三上\数字图像\数图大作业\新建文件夹\认识狗狗\认识狗狗\认识狗狗\debug\认识狗狗.tlog\cl.read.1.tlog
e:\学习\大三上\数字图像\数图大作业\新建文件夹\认识狗狗\认识狗狗\认识狗狗\debug\认识狗狗.tlog\cl.write.1.tlog
e:\学习\大三上\数字图像\数图大作业\新建文件夹\认识狗狗\认识狗狗\认识狗狗\debug\认识狗狗.tlog\link-cvtres.read.1.tlog
e:\学习\大三上\数字图像\数图大作业\新建文件夹\认识狗狗\认识狗狗\认识狗狗\debug\认识狗狗.tlog\link-cvtres.write.1.tlog
e:\学习\大三上\数字图像\数图大作业\新建文件夹\认识狗狗\认识狗狗\认识狗狗\debug\认识狗狗.tlog\link-rc.read.1.tlog
e:\学习\大三上\数字图像\数图大作业\新建文件夹\认识狗狗\认识狗狗\认识狗狗\debug\认识狗狗.tlog\link-rc.write.1.tlog
e:\学习\大三上\数字图像\数图大作业\新建文件夹\认识狗狗\认识狗狗\认识狗狗\debug\认识狗狗.tlog\link.command.1.tlog
e:\学习\大三上\数字图像\数图大作业\新建文件夹\认识狗狗\认识狗狗\认识狗狗\debug\认识狗狗.tlog\link.read.1.tlog
e:\学习\大三上\数字图像\数图大作业\新建文件夹\认识狗狗\认识狗狗\认识狗狗\debug\认识狗狗.tlog\link.write.1.tlog
